<?xml version="1.0" encoding="UTF-8"?>
<testsuite name="ConnectionGraphTest" tests="3" skipped="0" failures="0" errors="0" timestamp="2022-03-31T10:32:01" hostname="Subhash-Laptop" time="0.318">
  <properties/>
  <testcase name="copyTest()" classname="ConnectionGraphTest" time="0.313"/>
  <testcase name="removeEdgeTest()" classname="ConnectionGraphTest" time="0.002"/>
  <testcase name="addEdgeTest()" classname="ConnectionGraphTest" time="0.001"/>
  <system-out><![CDATA[?[32mINFO ?[m dev.compL.iitmandi.intraAnalysis.IntraAnalysis - map does not have n1
?[32mINFO ?[m dev.compL.iitmandi.intraAnalysis.IntraAnalysis - map does not have n1
?[32mINFO ?[m dev.compL.iitmandi.intraAnalysis.IntraAnalysis - map does not have n1
?[32mINFO ?[m dev.compL.iitmandi.intraAnalysis.IntraAnalysis - map contains n1
?[32mINFO ?[m dev.compL.iitmandi.intraAnalysis.IntraAnalysis - map does not have n1
?[32mINFO ?[m dev.compL.iitmandi.intraAnalysis.IntraAnalysis - map does not have n1
?[32mINFO ?[m dev.compL.iitmandi.intraAnalysis.IntraAnalysis - map does not have n1
?[32mINFO ?[m dev.compL.iitmandi.intraAnalysis.IntraAnalysis - map does not have n1
]]></system-out>
  <system-err><![CDATA[]]></system-err>
</testsuite>
