<?xml version="1.0" encoding="UTF-8"?>
<testsuite name="ConnectionGraphNodeTest" tests="1" skipped="0" failures="0" errors="0" timestamp="2022-03-31T10:32:01" hostname="Subhash-Laptop" time="0.02">
  <properties/>
  <testcase name="nodeEqualityPass()" classname="ConnectionGraphNodeTest" time="0.02"/>
  <system-out><![CDATA[]]></system-out>
  <system-err><![CDATA[]]></system-err>
</testsuite>
